2023-05-25 09:17:37,562 [Worker-5: Loading available Gradle versions] INFO  o.e.b.c.i.u.g.PublishedGradleVersions - Gradle version information cache is out-of-date. Trying to update.
2023-05-25 16:53:05,134 [Worker-20: Updating Maven Dependencies] INFO  o.e.m.c.i.l.LifecycleMappingFactory - Using org.eclipse.m2e.jdt.JarLifecycleMapping lifecycle mapping for MavenProject: co.edu.uco.publiuco:PubliucoApi:0.0.1-SNAPSHOT @ C:\Users\Helmer\Documents\PublicUco\MyEspacioDeTrabajo\PubliucoApi\pom.xml.
2023-05-25 16:53:05,187 [Worker-19: Building] INFO  o.e.m.c.i.l.LifecycleMappingFactory - Using org.eclipse.m2e.jdt.JarLifecycleMapping lifecycle mapping for MavenProject: co.edu.uco.publiuco:PubliucoApi:0.0.1-SNAPSHOT @ C:\Users\Helmer\Documents\PublicUco\MyEspacioDeTrabajo\PubliucoApi\pom.xml.
2023-05-25 16:53:05,361 [Worker-20: Updating Maven Dependencies] WARN  o.e.m.c.i.embedder.EclipseLogger - The POM for co.edu.uco.publiuco:PubliucoCrossCutting:jar:0.0.1-SNAPSHOT is missing, no dependency information available
2023-05-25 16:53:05,362 [Worker-19: Building] WARN  o.e.m.c.i.embedder.EclipseLogger - The POM for co.edu.uco.publiuco:PubliucoCrossCutting:jar:0.0.1-SNAPSHOT is missing, no dependency information available
2023-05-25 16:53:08,597 [Worker-20: Updating Maven Dependencies] WARN  o.e.m.c.i.embedder.EclipseLogger - The POM for co.edu.uco.publiuco:PubliucoDTO:jar:0.0.1-SNAPSHOT is missing, no dependency information available
2023-05-25 16:53:08,597 [Worker-19: Building] WARN  o.e.m.c.i.embedder.EclipseLogger - The POM for co.edu.uco.publiuco:PubliucoDTO:jar:0.0.1-SNAPSHOT is missing, no dependency information available
2023-05-25 16:53:08,600 [Worker-19: Building] WARN  o.e.m.c.i.embedder.EclipseLogger - The POM for co.edu.uco.publiuco:PubliucoService:jar:0.0.1-SNAPSHOT is missing, no dependency information available
2023-05-25 16:53:08,600 [Worker-20: Updating Maven Dependencies] WARN  o.e.m.c.i.embedder.EclipseLogger - The POM for co.edu.uco.publiuco:PubliucoService:jar:0.0.1-SNAPSHOT is missing, no dependency information available
2023-05-25 16:53:13,891 [Worker-19: Building] INFO  o.a.m.s.f.DefaultMavenResourcesFiltering - Copying 1 resource from src\main\resources to target\classes
2023-05-25 16:53:13,990 [Worker-19: Building] INFO  o.a.m.s.f.DefaultMavenResourcesFiltering - Copying 0 resource from src\main\resources to target\classes
2023-05-25 16:53:13,996 [Worker-19: Building] INFO  o.a.m.s.f.DefaultMavenResourcesFiltering - skip non existing resourceDirectory C:\Users\Helmer\Documents\PublicUco\MyEspacioDeTrabajo\PubliucoApi\src\test\resources
2023-05-25 16:53:22,446 [Worker-1: Building] INFO  o.e.m.c.i.l.LifecycleMappingFactory - Using org.eclipse.m2e.jdt.JarLifecycleMapping lifecycle mapping for MavenProject: co.edu.uco.publiuco:PubliucoCrossCutting:0.0.1-SNAPSHOT @ C:\Users\Helmer\Documents\PublicUco\MyEspacioDeTrabajo\PubliucoCrossCutting\pom.xml.
2023-05-25 16:53:22,449 [Worker-1: Building] WARN  o.e.m.c.i.embedder.EclipseLogger - The POM for co.edu.uco:UcoCrossCutting:jar:0.0.1-SNAPSHOT is missing, no dependency information available
2023-05-25 16:53:22,969 [Worker-1: Building] WARN  o.e.m.c.i.embedder.EclipseLogger - The POM for co.edu.uco.publiuco:PubliucoCrossCutting:jar:0.0.1-SNAPSHOT is missing, no dependency information available
2023-05-25 16:53:23,167 [Worker-1: Building] WARN  o.e.m.c.i.embedder.EclipseLogger - The POM for co.edu.uco.publiuco:PubliucoDTO:jar:0.0.1-SNAPSHOT is missing, no dependency information available
2023-05-25 16:53:23,170 [Worker-1: Building] WARN  o.e.m.c.i.embedder.EclipseLogger - The POM for co.edu.uco.publiuco:PubliucoService:jar:0.0.1-SNAPSHOT is missing, no dependency information available
2023-05-25 16:53:23,319 [Worker-1: Building] INFO  o.e.m.c.i.l.LifecycleMappingFactory - Using org.eclipse.m2e.jdt.JarLifecycleMapping lifecycle mapping for MavenProject: co.edu.uco.publiuco:PubliucoApi:0.0.1-SNAPSHOT @ C:\Users\Helmer\Documents\PublicUco\MyEspacioDeTrabajo\PubliucoApi\pom.xml.
2023-05-25 16:53:23,359 [Worker-1: Building] INFO  o.e.m.c.i.p.WorkspaceClassifierResolverManager - Resolving P/PubliucoCrossCutting: co.edu.uco.publiuco:PubliucoCrossCutting:0.0.1-SNAPSHOT with classifier  to /PubliucoCrossCutting/target/classes
2023-05-25 16:53:26,689 [Worker-1: Building] WARN  o.e.m.c.i.embedder.EclipseLogger - Using platform encoding (UTF-8 actually) to copy filtered resources, i.e. build is platform dependent!
2023-05-25 16:53:26,700 [Worker-1: Building] INFO  o.e.m.c.i.embedder.EclipseLogger - skip non existing resourceDirectory C:\Users\Helmer\Documents\PublicUco\MyEspacioDeTrabajo\PubliucoCrossCutting\src\main\resources
2023-05-25 16:53:26,762 [Worker-1: Building] WARN  o.e.m.c.i.embedder.EclipseLogger - Using platform encoding (UTF-8 actually) to copy filtered resources, i.e. build is platform dependent!
2023-05-25 16:53:26,764 [Worker-1: Building] INFO  o.e.m.c.i.embedder.EclipseLogger - skip non existing resourceDirectory C:\Users\Helmer\Documents\PublicUco\MyEspacioDeTrabajo\PubliucoCrossCutting\src\test\resources
2023-05-25 16:53:27,595 [Worker-22: Updating Maven Dependencies] INFO  o.e.m.c.i.l.LifecycleMappingFactory - Using org.eclipse.m2e.jdt.JarLifecycleMapping lifecycle mapping for MavenProject: co.edu.uco.publiuco:PubliucoApi:0.0.1-SNAPSHOT @ C:\Users\Helmer\Documents\PublicUco\MyEspacioDeTrabajo\PubliucoApi\pom.xml.
2023-05-25 16:53:27,612 [Worker-22: Updating Maven Dependencies] WARN  o.e.m.c.i.embedder.EclipseLogger - The POM for co.edu.uco:UcoCrossCutting:jar:0.0.1-SNAPSHOT is missing, no dependency information available
2023-05-25 16:53:28,042 [Worker-22: Updating Maven Dependencies] WARN  o.e.m.c.i.embedder.EclipseLogger - The POM for co.edu.uco.publiuco:PubliucoDTO:jar:0.0.1-SNAPSHOT is missing, no dependency information available
2023-05-25 16:53:28,043 [Worker-22: Updating Maven Dependencies] WARN  o.e.m.c.i.embedder.EclipseLogger - The POM for co.edu.uco.publiuco:PubliucoService:jar:0.0.1-SNAPSHOT is missing, no dependency information available
2023-05-25 16:53:28,051 [Worker-22: Updating Maven Dependencies] INFO  o.e.m.c.i.p.WorkspaceClassifierResolverManager - Resolving P/PubliucoCrossCutting: co.edu.uco.publiuco:PubliucoCrossCutting:0.0.1-SNAPSHOT with classifier  to /PubliucoCrossCutting/target/classes
2023-05-25 16:53:28,256 [Worker-19: Building] INFO  o.e.m.c.i.l.LifecycleMappingFactory - Using org.eclipse.m2e.jdt.JarLifecycleMapping lifecycle mapping for MavenProject: co.edu.uco.publiuco:PubliucoDTO:0.0.1-SNAPSHOT @ C:\Users\Helmer\Documents\PublicUco\MyEspacioDeTrabajo\PubliucoDTO\pom.xml.
2023-05-25 16:53:28,260 [Worker-19: Building] WARN  o.e.m.c.i.embedder.EclipseLogger - The POM for co.edu.uco:UcoCrossCutting:jar:0.0.1-SNAPSHOT is missing, no dependency information available
2023-05-25 16:53:28,261 [Worker-19: Building] INFO  o.e.m.c.i.p.WorkspaceClassifierResolverManager - Resolving P/PubliucoCrossCutting: co.edu.uco.publiuco:PubliucoCrossCutting:0.0.1-SNAPSHOT with classifier  to /PubliucoCrossCutting/target/classes
2023-05-25 16:53:29,084 [Worker-19: Building] INFO  o.e.m.c.i.l.LifecycleMappingFactory - Using org.eclipse.m2e.jdt.JarLifecycleMapping lifecycle mapping for MavenProject: co.edu.uco.publiuco:PubliucoApi:0.0.1-SNAPSHOT @ C:\Users\Helmer\Documents\PublicUco\MyEspacioDeTrabajo\PubliucoApi\pom.xml.
2023-05-25 16:53:29,219 [Worker-19: Building] WARN  o.e.m.c.i.embedder.EclipseLogger - The POM for co.edu.uco.publiuco:PubliucoService:jar:0.0.1-SNAPSHOT is missing, no dependency information available
2023-05-25 16:53:29,248 [Worker-19: Building] INFO  o.e.m.c.i.p.WorkspaceClassifierResolverManager - Resolving P/PubliucoCrossCutting: co.edu.uco.publiuco:PubliucoCrossCutting:0.0.1-SNAPSHOT with classifier  to /PubliucoCrossCutting/target/classes
2023-05-25 16:53:29,266 [Worker-19: Building] INFO  o.e.m.c.i.p.WorkspaceClassifierResolverManager - Resolving P/PubliucoDTO: co.edu.uco.publiuco:PubliucoDTO:0.0.1-SNAPSHOT with classifier  to /PubliucoDTO/target/classes
2023-05-25 16:53:29,592 [Worker-19: Building] WARN  o.e.m.c.i.embedder.EclipseLogger - Using platform encoding (UTF-8 actually) to copy filtered resources, i.e. build is platform dependent!
2023-05-25 16:53:29,594 [Worker-19: Building] INFO  o.e.m.c.i.embedder.EclipseLogger - skip non existing resourceDirectory C:\Users\Helmer\Documents\PublicUco\MyEspacioDeTrabajo\PubliucoDTO\src\main\resources
2023-05-25 16:53:29,596 [Worker-19: Building] WARN  o.e.m.c.i.embedder.EclipseLogger - Using platform encoding (UTF-8 actually) to copy filtered resources, i.e. build is platform dependent!
2023-05-25 16:53:29,597 [Worker-19: Building] INFO  o.e.m.c.i.embedder.EclipseLogger - skip non existing resourceDirectory C:\Users\Helmer\Documents\PublicUco\MyEspacioDeTrabajo\PubliucoDTO\src\test\resources
2023-05-25 16:53:31,100 [Worker-25: Updating Maven Dependencies] INFO  o.e.m.c.i.l.LifecycleMappingFactory - Using org.eclipse.m2e.jdt.JarLifecycleMapping lifecycle mapping for MavenProject: co.edu.uco.publiuco:PubliucoApi:0.0.1-SNAPSHOT @ C:\Users\Helmer\Documents\PublicUco\MyEspacioDeTrabajo\PubliucoApi\pom.xml.
2023-05-25 16:53:31,108 [Worker-25: Updating Maven Dependencies] WARN  o.e.m.c.i.embedder.EclipseLogger - The POM for co.edu.uco:UcoCrossCutting:jar:0.0.1-SNAPSHOT is missing, no dependency information available
2023-05-25 16:53:31,301 [Worker-25: Updating Maven Dependencies] WARN  o.e.m.c.i.embedder.EclipseLogger - The POM for co.edu.uco.publiuco:PubliucoService:jar:0.0.1-SNAPSHOT is missing, no dependency information available
2023-05-25 16:53:31,308 [Worker-25: Updating Maven Dependencies] INFO  o.e.m.c.i.p.WorkspaceClassifierResolverManager - Resolving P/PubliucoCrossCutting: co.edu.uco.publiuco:PubliucoCrossCutting:0.0.1-SNAPSHOT with classifier  to /PubliucoCrossCutting/target/classes
2023-05-25 16:53:31,321 [Worker-25: Updating Maven Dependencies] INFO  o.e.m.c.i.p.WorkspaceClassifierResolverManager - Resolving P/PubliucoDTO: co.edu.uco.publiuco:PubliucoDTO:0.0.1-SNAPSHOT with classifier  to /PubliucoDTO/target/classes
2023-05-25 16:53:34,262 [Worker-28: Building] INFO  o.e.m.c.i.l.LifecycleMappingFactory - Using org.eclipse.m2e.jdt.JarLifecycleMapping lifecycle mapping for MavenProject: co.edu.uco.publiuco:PubliucoEntity:0.0.1-SNAPSHOT @ C:\Users\Helmer\Documents\PublicUco\MyEspacioDeTrabajo\PubliucoEntity\pom.xml.
2023-05-25 16:53:35,301 [Worker-28: Building] WARN  o.e.m.c.i.embedder.EclipseLogger - The POM for co.edu.uco:UcoCrossCutting:jar:0.0.1-SNAPSHOT is missing, no dependency information available
2023-05-25 16:53:35,349 [Worker-28: Building] INFO  o.e.m.c.i.p.WorkspaceClassifierResolverManager - Resolving P/PubliucoCrossCutting: co.edu.uco.publiuco:PubliucoCrossCutting:0.0.1-SNAPSHOT with classifier  to /PubliucoCrossCutting/target/classes
2023-05-25 16:53:35,735 [Worker-28: Building] INFO  o.a.m.s.f.DefaultMavenResourcesFiltering - skip non existing resourceDirectory C:\Users\Helmer\Documents\PublicUco\MyEspacioDeTrabajo\PubliucoEntity\src\main\resources
2023-05-25 16:53:35,735 [Worker-28: Building] INFO  o.a.m.s.f.DefaultMavenResourcesFiltering - skip non existing resourceDirectory C:\Users\Helmer\Documents\PublicUco\MyEspacioDeTrabajo\PubliucoEntity\src\main\resources
2023-05-25 16:53:35,741 [Worker-28: Building] INFO  o.a.m.s.f.DefaultMavenResourcesFiltering - skip non existing resourceDirectory C:\Users\Helmer\Documents\PublicUco\MyEspacioDeTrabajo\PubliucoEntity\src\test\resources
2023-05-25 16:53:36,514 [Worker-22: Building] INFO  o.e.m.c.i.l.LifecycleMappingFactory - Using org.eclipse.m2e.jdt.JarLifecycleMapping lifecycle mapping for MavenProject: co.edu.uco.publiuco:PubliucoRepository:0.0.1-SNAPSHOT @ C:\Users\Helmer\Documents\PublicUco\MyEspacioDeTrabajo\PubliucoRepository\pom.xml.
2023-05-25 16:53:36,517 [Worker-22: Building] WARN  o.e.m.c.i.embedder.EclipseLogger - The POM for co.edu.uco:UcoCrossCutting:jar:0.0.1-SNAPSHOT is missing, no dependency information available
2023-05-25 16:53:37,600 [Worker-22: Building] INFO  o.e.m.c.i.p.WorkspaceClassifierResolverManager - Resolving P/PubliucoCrossCutting: co.edu.uco.publiuco:PubliucoCrossCutting:0.0.1-SNAPSHOT with classifier  to /PubliucoCrossCutting/target/classes
2023-05-25 16:53:37,601 [Worker-22: Building] INFO  o.e.m.c.i.p.WorkspaceClassifierResolverManager - Resolving P/PubliucoEntity: co.edu.uco.publiuco:PubliucoEntity:0.0.1-SNAPSHOT with classifier  to /PubliucoEntity/target/classes
2023-05-25 16:53:38,624 [Worker-22: Building] WARN  o.e.m.c.i.embedder.EclipseLogger - Using platform encoding (UTF-8 actually) to copy filtered resources, i.e. build is platform dependent!
2023-05-25 16:53:38,626 [Worker-22: Building] INFO  o.e.m.c.i.embedder.EclipseLogger - skip non existing resourceDirectory C:\Users\Helmer\Documents\PublicUco\MyEspacioDeTrabajo\PubliucoRepository\src\main\resources
2023-05-25 16:53:38,632 [Worker-22: Building] WARN  o.e.m.c.i.embedder.EclipseLogger - Using platform encoding (UTF-8 actually) to copy filtered resources, i.e. build is platform dependent!
2023-05-25 16:53:38,633 [Worker-22: Building] INFO  o.e.m.c.i.embedder.EclipseLogger - skip non existing resourceDirectory C:\Users\Helmer\Documents\PublicUco\MyEspacioDeTrabajo\PubliucoRepository\src\test\resources
2023-05-25 16:53:39,554 [Worker-28: Building] INFO  o.e.m.c.i.l.LifecycleMappingFactory - Using org.eclipse.m2e.jdt.JarLifecycleMapping lifecycle mapping for MavenProject: co.edu.uco.publiuco:PubliucoService:0.0.1-SNAPSHOT @ C:\Users\Helmer\Documents\PublicUco\MyEspacioDeTrabajo\PubliucoService\pom.xml.
2023-05-25 16:53:39,558 [Worker-28: Building] WARN  o.e.m.c.i.embedder.EclipseLogger - The POM for co.edu.uco:UcoCrossCutting:jar:0.0.1-SNAPSHOT is missing, no dependency information available
2023-05-25 16:53:39,830 [Worker-28: Building] INFO  o.e.m.c.i.p.WorkspaceClassifierResolverManager - Resolving P/PubliucoCrossCutting: co.edu.uco.publiuco:PubliucoCrossCutting:0.0.1-SNAPSHOT with classifier  to /PubliucoCrossCutting/target/classes
2023-05-25 16:53:39,830 [Worker-28: Building] INFO  o.e.m.c.i.p.WorkspaceClassifierResolverManager - Resolving P/PubliucoDTO: co.edu.uco.publiuco:PubliucoDTO:0.0.1-SNAPSHOT with classifier  to /PubliucoDTO/target/classes
2023-05-25 16:53:39,831 [Worker-28: Building] INFO  o.e.m.c.i.p.WorkspaceClassifierResolverManager - Resolving P/PubliucoEntity: co.edu.uco.publiuco:PubliucoEntity:0.0.1-SNAPSHOT with classifier  to /PubliucoEntity/target/classes
2023-05-25 16:53:39,842 [Worker-28: Building] INFO  o.e.m.c.i.p.WorkspaceClassifierResolverManager - Resolving P/PubliucoRepository: co.edu.uco.publiuco:PubliucoRepository:0.0.1-SNAPSHOT with classifier  to /PubliucoRepository/target/classes
2023-05-25 16:53:40,165 [Worker-28: Building] INFO  o.e.m.c.i.l.LifecycleMappingFactory - Using org.eclipse.m2e.jdt.JarLifecycleMapping lifecycle mapping for MavenProject: co.edu.uco.publiuco:PubliucoApi:0.0.1-SNAPSHOT @ C:\Users\Helmer\Documents\PublicUco\MyEspacioDeTrabajo\PubliucoApi\pom.xml.
2023-05-25 16:53:40,321 [Worker-28: Building] INFO  o.e.m.c.i.p.WorkspaceClassifierResolverManager - Resolving P/PubliucoCrossCutting: co.edu.uco.publiuco:PubliucoCrossCutting:0.0.1-SNAPSHOT with classifier  to /PubliucoCrossCutting/target/classes
2023-05-25 16:53:40,362 [Worker-28: Building] INFO  o.e.m.c.i.p.WorkspaceClassifierResolverManager - Resolving P/PubliucoDTO: co.edu.uco.publiuco:PubliucoDTO:0.0.1-SNAPSHOT with classifier  to /PubliucoDTO/target/classes
2023-05-25 16:53:40,362 [Worker-28: Building] INFO  o.e.m.c.i.p.WorkspaceClassifierResolverManager - Resolving P/PubliucoService: co.edu.uco.publiuco:PubliucoService:0.0.1-SNAPSHOT with classifier  to /PubliucoService/target/classes
2023-05-25 16:53:40,362 [Worker-28: Building] INFO  o.e.m.c.i.p.WorkspaceClassifierResolverManager - Resolving P/PubliucoEntity: co.edu.uco.publiuco:PubliucoEntity:0.0.1-SNAPSHOT with classifier  to /PubliucoEntity/target/classes
2023-05-25 16:53:40,371 [Worker-28: Building] INFO  o.e.m.c.i.p.WorkspaceClassifierResolverManager - Resolving P/PubliucoRepository: co.edu.uco.publiuco:PubliucoRepository:0.0.1-SNAPSHOT with classifier  to /PubliucoRepository/target/classes
2023-05-25 16:53:41,188 [Worker-28: Building] WARN  o.e.m.c.i.embedder.EclipseLogger - Using platform encoding (UTF-8 actually) to copy filtered resources, i.e. build is platform dependent!
2023-05-25 16:53:41,189 [Worker-28: Building] INFO  o.e.m.c.i.embedder.EclipseLogger - skip non existing resourceDirectory C:\Users\Helmer\Documents\PublicUco\MyEspacioDeTrabajo\PubliucoService\src\main\resources
2023-05-25 16:53:41,198 [Worker-28: Building] WARN  o.e.m.c.i.embedder.EclipseLogger - Using platform encoding (UTF-8 actually) to copy filtered resources, i.e. build is platform dependent!
2023-05-25 16:53:41,203 [Worker-28: Building] INFO  o.e.m.c.i.embedder.EclipseLogger - skip non existing resourceDirectory C:\Users\Helmer\Documents\PublicUco\MyEspacioDeTrabajo\PubliucoService\src\test\resources
2023-05-25 16:53:42,382 [Worker-26: Building] INFO  o.e.m.c.i.l.LifecycleMappingFactory - Using org.eclipse.m2e.jdt.JarLifecycleMapping lifecycle mapping for MavenProject: co.edu.uco:UcoCrossCutting:0.0.1-SNAPSHOT @ C:\Users\Helmer\Documents\PublicUco\MyEspacioDeTrabajo\UcoCrossCutting\pom.xml.
2023-05-25 16:53:42,524 [Worker-26: Building] INFO  o.e.m.c.i.l.LifecycleMappingFactory - Using org.eclipse.m2e.jdt.JarLifecycleMapping lifecycle mapping for MavenProject: co.edu.uco.publiuco:PubliucoCrossCutting:0.0.1-SNAPSHOT @ C:\Users\Helmer\Documents\PublicUco\MyEspacioDeTrabajo\PubliucoCrossCutting\pom.xml.
2023-05-25 16:53:42,528 [Worker-26: Building] INFO  o.e.m.c.i.p.WorkspaceClassifierResolverManager - Resolving P/UcoCrossCutting: co.edu.uco:UcoCrossCutting:0.0.1-SNAPSHOT with classifier  to /UcoCrossCutting/target/classes
2023-05-25 16:53:42,761 [Worker-26: Building] INFO  o.e.m.c.i.l.LifecycleMappingFactory - Using org.eclipse.m2e.jdt.JarLifecycleMapping lifecycle mapping for MavenProject: co.edu.uco.publiuco:PubliucoDTO:0.0.1-SNAPSHOT @ C:\Users\Helmer\Documents\PublicUco\MyEspacioDeTrabajo\PubliucoDTO\pom.xml.
2023-05-25 16:53:42,764 [Worker-26: Building] INFO  o.e.m.c.i.p.WorkspaceClassifierResolverManager - Resolving P/PubliucoCrossCutting: co.edu.uco.publiuco:PubliucoCrossCutting:0.0.1-SNAPSHOT with classifier  to /PubliucoCrossCutting/target/classes
2023-05-25 16:53:42,764 [Worker-26: Building] INFO  o.e.m.c.i.p.WorkspaceClassifierResolverManager - Resolving P/UcoCrossCutting: co.edu.uco:UcoCrossCutting:0.0.1-SNAPSHOT with classifier  to /UcoCrossCutting/target/classes
2023-05-25 16:53:43,107 [Worker-26: Building] INFO  o.e.m.c.i.l.LifecycleMappingFactory - Using org.eclipse.m2e.jdt.JarLifecycleMapping lifecycle mapping for MavenProject: co.edu.uco.publiuco:PubliucoEntity:0.0.1-SNAPSHOT @ C:\Users\Helmer\Documents\PublicUco\MyEspacioDeTrabajo\PubliucoEntity\pom.xml.
2023-05-25 16:53:43,306 [Worker-26: Building] INFO  o.e.m.c.i.p.WorkspaceClassifierResolverManager - Resolving P/PubliucoCrossCutting: co.edu.uco.publiuco:PubliucoCrossCutting:0.0.1-SNAPSHOT with classifier  to /PubliucoCrossCutting/target/classes
2023-05-25 16:53:43,307 [Worker-26: Building] INFO  o.e.m.c.i.p.WorkspaceClassifierResolverManager - Resolving P/UcoCrossCutting: co.edu.uco:UcoCrossCutting:0.0.1-SNAPSHOT with classifier  to /UcoCrossCutting/target/classes
2023-05-25 16:53:43,370 [Worker-26: Building] INFO  o.e.m.c.i.l.LifecycleMappingFactory - Using org.eclipse.m2e.jdt.JarLifecycleMapping lifecycle mapping for MavenProject: co.edu.uco.publiuco:PubliucoRepository:0.0.1-SNAPSHOT @ C:\Users\Helmer\Documents\PublicUco\MyEspacioDeTrabajo\PubliucoRepository\pom.xml.
2023-05-25 16:53:43,488 [Worker-26: Building] INFO  o.e.m.c.i.p.WorkspaceClassifierResolverManager - Resolving P/PubliucoCrossCutting: co.edu.uco.publiuco:PubliucoCrossCutting:0.0.1-SNAPSHOT with classifier  to /PubliucoCrossCutting/target/classes
2023-05-25 16:53:43,488 [Worker-26: Building] INFO  o.e.m.c.i.p.WorkspaceClassifierResolverManager - Resolving P/UcoCrossCutting: co.edu.uco:UcoCrossCutting:0.0.1-SNAPSHOT with classifier  to /UcoCrossCutting/target/classes
2023-05-25 16:53:43,488 [Worker-26: Building] INFO  o.e.m.c.i.p.WorkspaceClassifierResolverManager - Resolving P/PubliucoEntity: co.edu.uco.publiuco:PubliucoEntity:0.0.1-SNAPSHOT with classifier  to /PubliucoEntity/target/classes
2023-05-25 16:53:43,610 [Worker-26: Building] INFO  o.e.m.c.i.l.LifecycleMappingFactory - Using org.eclipse.m2e.jdt.JarLifecycleMapping lifecycle mapping for MavenProject: co.edu.uco.publiuco:PubliucoService:0.0.1-SNAPSHOT @ C:\Users\Helmer\Documents\PublicUco\MyEspacioDeTrabajo\PubliucoService\pom.xml.
2023-05-25 16:53:43,621 [Worker-26: Building] INFO  o.e.m.c.i.p.WorkspaceClassifierResolverManager - Resolving P/PubliucoCrossCutting: co.edu.uco.publiuco:PubliucoCrossCutting:0.0.1-SNAPSHOT with classifier  to /PubliucoCrossCutting/target/classes
2023-05-25 16:53:43,621 [Worker-26: Building] INFO  o.e.m.c.i.p.WorkspaceClassifierResolverManager - Resolving P/UcoCrossCutting: co.edu.uco:UcoCrossCutting:0.0.1-SNAPSHOT with classifier  to /UcoCrossCutting/target/classes
2023-05-25 16:53:43,621 [Worker-26: Building] INFO  o.e.m.c.i.p.WorkspaceClassifierResolverManager - Resolving P/PubliucoDTO: co.edu.uco.publiuco:PubliucoDTO:0.0.1-SNAPSHOT with classifier  to /PubliucoDTO/target/classes
2023-05-25 16:53:43,621 [Worker-26: Building] INFO  o.e.m.c.i.p.WorkspaceClassifierResolverManager - Resolving P/PubliucoEntity: co.edu.uco.publiuco:PubliucoEntity:0.0.1-SNAPSHOT with classifier  to /PubliucoEntity/target/classes
2023-05-25 16:53:43,632 [Worker-26: Building] INFO  o.e.m.c.i.p.WorkspaceClassifierResolverManager - Resolving P/PubliucoRepository: co.edu.uco.publiuco:PubliucoRepository:0.0.1-SNAPSHOT with classifier  to /PubliucoRepository/target/classes
2023-05-25 16:53:44,040 [Worker-26: Building] INFO  o.e.m.c.i.l.LifecycleMappingFactory - Using org.eclipse.m2e.jdt.JarLifecycleMapping lifecycle mapping for MavenProject: co.edu.uco.publiuco:PubliucoApi:0.0.1-SNAPSHOT @ C:\Users\Helmer\Documents\PublicUco\MyEspacioDeTrabajo\PubliucoApi\pom.xml.
2023-05-25 16:53:44,123 [Worker-26: Building] INFO  o.e.m.c.i.p.WorkspaceClassifierResolverManager - Resolving P/PubliucoCrossCutting: co.edu.uco.publiuco:PubliucoCrossCutting:0.0.1-SNAPSHOT with classifier  to /PubliucoCrossCutting/target/classes
2023-05-25 16:53:44,123 [Worker-26: Building] INFO  o.e.m.c.i.p.WorkspaceClassifierResolverManager - Resolving P/UcoCrossCutting: co.edu.uco:UcoCrossCutting:0.0.1-SNAPSHOT with classifier  to /UcoCrossCutting/target/classes
2023-05-25 16:53:44,136 [Worker-26: Building] INFO  o.e.m.c.i.p.WorkspaceClassifierResolverManager - Resolving P/PubliucoDTO: co.edu.uco.publiuco:PubliucoDTO:0.0.1-SNAPSHOT with classifier  to /PubliucoDTO/target/classes
2023-05-25 16:53:44,136 [Worker-26: Building] INFO  o.e.m.c.i.p.WorkspaceClassifierResolverManager - Resolving P/PubliucoService: co.edu.uco.publiuco:PubliucoService:0.0.1-SNAPSHOT with classifier  to /PubliucoService/target/classes
2023-05-25 16:53:44,136 [Worker-26: Building] INFO  o.e.m.c.i.p.WorkspaceClassifierResolverManager - Resolving P/PubliucoEntity: co.edu.uco.publiuco:PubliucoEntity:0.0.1-SNAPSHOT with classifier  to /PubliucoEntity/target/classes
2023-05-25 16:53:44,141 [Worker-26: Building] INFO  o.e.m.c.i.p.WorkspaceClassifierResolverManager - Resolving P/PubliucoRepository: co.edu.uco.publiuco:PubliucoRepository:0.0.1-SNAPSHOT with classifier  to /PubliucoRepository/target/classes
2023-05-25 16:53:44,992 [Worker-26: Building] WARN  o.e.m.c.i.embedder.EclipseLogger - Using platform encoding (UTF-8 actually) to copy filtered resources, i.e. build is platform dependent!
2023-05-25 16:53:44,994 [Worker-26: Building] INFO  o.e.m.c.i.embedder.EclipseLogger - skip non existing resourceDirectory C:\Users\Helmer\Documents\PublicUco\MyEspacioDeTrabajo\UcoCrossCutting\src\main\resources
2023-05-25 16:53:44,996 [Worker-26: Building] WARN  o.e.m.c.i.embedder.EclipseLogger - Using platform encoding (UTF-8 actually) to copy filtered resources, i.e. build is platform dependent!
2023-05-25 16:53:44,998 [Worker-26: Building] INFO  o.e.m.c.i.embedder.EclipseLogger - skip non existing resourceDirectory C:\Users\Helmer\Documents\PublicUco\MyEspacioDeTrabajo\UcoCrossCutting\src\test\resources
